Build started 4/8/2013 16:51:48.
     1>Project "C:\Users\David\Dropbox\box2d\Build\vs2010\StepStone.vcxproj" on node 3 (Build target(s)).
     1>ClCompile:
         C:\Program Files (x86)\Microsoft Visual Studio 11.0\VC\bin\CL.exe /c /I..\.. /ZI /nologo /W3 /WX- /Od /Oy- /D _CRT_SECURE_NO_WARNINGS /D _MBCS /Gm /EHsc /RTC1 /MDd /GS /Gy /fp:precise /Zc:wchar_t /Zc:forScope /Fo"obj\x32\Debug\StepStone\\" /Fd"bin\Debug\StepStone.pdb" /Gd /TP /analyze- /errorReport:prompt ..\..\StepStone\Framework\Main.cpp ..\..\StepStone\Framework\Render.cpp ..\..\StepStone\Framework\Test.cpp ..\..\StepStone\Tests\TestEntries.cpp Framework\LuaLevel.cpp
         LuaLevel.cpp
     1>c1xx : fatal error C1083: Cannot open source file: 'Framework\LuaLevel.cpp': No such file or directory
         TestEntries.cpp
         Test.cpp
         Render.cpp
         Main.cpp
         Generating Code...
     1>Done Building Project "C:\Users\David\Dropbox\box2d\Build\vs2010\StepStone.vcxproj" (Build target(s)) -- FAILED.

Build FAILED.

Time Elapsed 00:00:08.47
